# JRE version: Java(TM) SE Runtime Environment (20.0.2+9) (build 20.0.2+9-78)
# Java VM: Java HotSpot(TM) 64-Bit Server VM (20.0.2+9-78, mixed mode, emulated-client, sharing, tiered, compressed oops, compressed class ptrs, g1 gc, windows-amd64)
GC Precious Log:
 CardTable entry size: 512
 Card Set container configuration: InlinePtr #cards 4 size 8 Array Of Cards #cards 16 size 48 Howl #buckets 8 coarsen threshold 3686 Howl Bitmap #cards 512 size 80 coarsen threshold 460 Card regions per heap region 1 cards per card region 4096
 CPUs: 16 total, 16 available
 Memory: 15733M
 Large Page Support: Disabled
 NUMA Support: Disabled
 Compressed Oops: Enabled (Zero based)
 Heap Region Size: 2M
 Heap Min Capacity: 8M
 Heap Initial Capacity: 246M
 Heap Max Capacity: 3934M
 Pre-touch: Disabled
 Parallel Workers: 13
 Concurrent Workers: 3
 Concurrent Refinement Workers: 13
 Periodic GC: Disabled
Heap:
 garbage-first heap   total 116736K, used 50402K [0x000000070a200000, 0x0000000800000000)
  region size 2048K, 2 young (4096K), 1 survivors (2048K)
 Metaspace       used 80508K, committed 81792K, reserved 1179648K
  class space    used 10946K, committed 11520K, reserved 1048576K
GC Heap History (20 events):
Event: 1396.061 GC heap before
{Heap before GC invocations=104 (full 0):
 garbage-first heap   total 116736K, used 103609K [0x000000070a200000, 0x0000000800000000)
  region size 2048K, 27 young (55296K), 1 survivors (2048K)
 Metaspace       used 80555K, committed 81792K, reserved 1179648K
  class space    used 10959K, committed 11520K, reserved 1048576K
}
Event: 1396.063 GC heap after
{Heap after GC invocations=105 (full 0):
 garbage-first heap   total 116736K, used 50453K [0x000000070a200000, 0x0000000800000000)
  region size 2048K, 1 young (2048K), 1 survivors (2048K)
 Metaspace       used 80555K, committed 81792K, reserved 1179648K
  class space    used 10959K, committed 11520K, reserved 1048576K
}
Event: 1407.446 GC heap before
{Heap before GC invocations=106 (full 0):
 garbage-first heap   total 116736K, used 103701K [0x000000070a200000, 0x0000000800000000)
  region size 2048K, 27 young (55296K), 1 survivors (2048K)
 Metaspace       used 80555K, committed 81792K, reserved 1179648K
  class space    used 10959K, committed 11520K, reserved 1048576K
}
Event: 1407.447 GC heap after
{Heap after GC invocations=107 (full 0):
 garbage-first heap   total 116736K, used 50417K [0x000000070a200000, 0x0000000800000000)
  region size 2048K, 1 young (2048K), 1 survivors (2048K)
 Metaspace       used 80555K, committed 81792K, reserved 1179648K
  class space    used 10959K, committed 11520K, reserved 1048576K
}
Event: 1419.602 GC heap before
{Heap before GC invocations=107 (full 0):
 garbage-first heap   total 116736K, used 103665K [0x000000070a200000, 0x0000000800000000)
  region size 2048K, 27 young (55296K), 1 survivors (2048K)
 Metaspace       used 80555K, committed 81792K, reserved 1179648K
  class space    used 10959K, committed 11520K, reserved 1048576K
}
Event: 1419.604 GC heap after
{Heap after GC invocations=108 (full 0):
 garbage-first heap   total 116736K, used 50364K [0x000000070a200000, 0x0000000800000000)
  region size 2048K, 1 young (2048K), 1 survivors (2048K)
 Metaspace       used 80555K, committed 81792K, reserved 1179648K
  class space    used 10959K, committed 11520K, reserved 1048576K
}
Event: 1431.289 GC heap before
{Heap before GC invocations=109 (full 0):
 garbage-first heap   total 116736K, used 103612K [0x000000070a200000, 0x0000000800000000)
  region size 2048K, 27 young (55296K), 1 survivors (2048K)
 Metaspace       used 80508K, committed 81792K, reserved 1179648K
  class space    used 10946K, committed 11520K, reserved 1048576K
}
Event: 1431.290 GC heap after
{Heap after GC invocations=110 (full 0):
 garbage-first heap   total 116736K, used 50348K [0x000000070a200000, 0x0000000800000000)
  region size 2048K, 1 young (2048K), 1 survivors (2048K)
 Metaspace       used 80508K, committed 81792K, reserved 1179648K
  class space    used 10946K, committed 11520K, reserved 1048576K
}
Event: 1443.155 GC heap before
{Heap before GC invocations=110 (full 0):
 garbage-first heap   total 116736K, used 103596K [0x000000070a200000, 0x0000000800000000)
  region size 2048K, 27 young (55296K), 1 survivors (2048K)
 Metaspace       used 80508K, committed 81792K, reserved 1179648K
  class space    used 10946K, committed 11520K, reserved 1048576K
}
Event: 1443.156 GC heap after
{Heap after GC invocations=111 (full 0):
 garbage-first heap   total 116736K, used 50385K [0x000000070a200000, 0x0000000800000000)
  region size 2048K, 1 young (2048K), 1 survivors (2048K)
 Metaspace       used 80508K, committed 81792K, reserved 1179648K
  class space    used 10946K, committed 11520K, reserved 1048576K
}
Event: 1454.457 GC heap before
{Heap before GC invocations=112 (full 0):
 garbage-first heap   total 116736K, used 103633K [0x000000070a200000, 0x0000000800000000)
  region size 2048K, 27 young (55296K), 1 survivors (2048K)
 Metaspace       used 80508K, committed 81792K, reserved 1179648K
  class space    used 10946K, committed 11520K, reserved 1048576K
}
Event: 1454.458 GC heap after
{Heap after GC invocations=113 (full 0):
 garbage-first heap   total 116736K, used 50453K [0x000000070a200000, 0x0000000800000000)
  region size 2048K, 1 young (2048K), 1 survivors (2048K)
 Metaspace       used 80508K, committed 81792K, reserved 1179648K
  class space    used 10946K, committed 11520K, reserved 1048576K
}
Event: 1465.322 GC heap before
{Heap before GC invocations=113 (full 0):
 garbage-first heap   total 116736K, used 103701K [0x000000070a200000, 0x0000000800000000)
  region size 2048K, 27 young (55296K), 1 survivors (2048K)
 Metaspace       used 80508K, committed 81792K, reserved 1179648K
  class space    used 10946K, committed 11520K, reserved 1048576K
}
Event: 1465.324 GC heap after
{Heap after GC invocations=114 (full 0):
 garbage-first heap   total 116736K, used 50466K [0x000000070a200000, 0x0000000800000000)
  region size 2048K, 1 young (2048K), 1 survivors (2048K)
 Metaspace       used 80508K, committed 81792K, reserved 1179648K
  class space    used 10946K, committed 11520K, reserved 1048576K
}
Event: 1475.865 GC heap before
{Heap before GC invocations=115 (full 0):
 garbage-first heap   total 116736K, used 103714K [0x000000070a200000, 0x0000000800000000)
  region size 2048K, 27 young (55296K), 1 survivors (2048K)
 Metaspace       used 80508K, committed 81792K, reserved 1179648K
  class space    used 10946K, committed 11520K, reserved 1048576K
}
Event: 1475.866 GC heap after
{Heap after GC invocations=116 (full 0):
 garbage-first heap   total 116736K, used 50422K [0x000000070a200000, 0x0000000800000000)
  region size 2048K, 1 young (2048K), 1 survivors (2048K)
 Metaspace       used 80508K, committed 81792K, reserved 1179648K
  class space    used 10946K, committed 11520K, reserved 1048576K
}
Event: 1486.361 GC heap before
{Heap before GC invocations=116 (full 0):
 garbage-first heap   total 116736K, used 103670K [0x000000070a200000, 0x0000000800000000)
  region size 2048K, 27 young (55296K), 1 survivors (2048K)
 Metaspace       used 80508K, committed 81792K, reserved 1179648K
  class space    used 10946K, committed 11520K, reserved 1048576K
}
Event: 1486.363 GC heap after
{Heap after GC invocations=117 (full 0):
 garbage-first heap   total 116736K, used 50390K [0x000000070a200000, 0x0000000800000000)
  region size 2048K, 1 young (2048K), 1 survivors (2048K)
 Metaspace       used 80508K, committed 81792K, reserved 1179648K
  class space    used 10946K, committed 11520K, reserved 1048576K
}
Event: 1496.551 GC heap before
{Heap before GC invocations=118 (full 0):
 garbage-first heap   total 116736K, used 103638K [0x000000070a200000, 0x0000000800000000)
  region size 2048K, 27 young (55296K), 1 survivors (2048K)
 Metaspace       used 80508K, committed 81792K, reserved 1179648K
  class space    used 10946K, committed 11520K, reserved 1048576K
}
Event: 1496.552 GC heap after
{Heap after GC invocations=119 (full 0):
 garbage-first heap   total 116736K, used 50402K [0x000000070a200000, 0x0000000800000000)
  region size 2048K, 1 young (2048K), 1 survivors (2048K)
 Metaspace       used 80508K, committed 81792K, reserved 1179648K
  class space    used 10946K, committed 11520K, reserved 1048576K
}

