# JRE version: Java(TM) SE Runtime Environment (20.0.2+9) (build 20.0.2+9-78)
# Java VM: Java HotSpot(TM) 64-Bit Server VM (20.0.2+9-78, mixed mode, emulated-client, sharing, tiered, compressed oops, compressed class ptrs, g1 gc, windows-amd64)
GC Precious Log:
 CardTable entry size: 512
 Card Set container configuration: InlinePtr #cards 4 size 8 Array Of Cards #cards 16 size 48 Howl #buckets 8 coarsen threshold 3686 Howl Bitmap #cards 512 size 80 coarsen threshold 460 Card regions per heap region 1 cards per card region 4096
 CPUs: 16 total, 16 available
 Memory: 15733M
 Large Page Support: Disabled
 NUMA Support: Disabled
 Compressed Oops: Enabled (Zero based)
 Heap Region Size: 2M
 Heap Min Capacity: 8M
 Heap Initial Capacity: 246M
 Heap Max Capacity: 3934M
 Pre-touch: Disabled
 Parallel Workers: 13
 Concurrent Workers: 3
 Concurrent Refinement Workers: 13
 Periodic GC: Disabled
Heap:
 garbage-first heap   total 133120K, used 93123K [0x000000070a200000, 0x0000000800000000)
  region size 2048K, 21 young (43008K), 1 survivors (2048K)
 Metaspace       used 80894K, committed 82304K, reserved 1179648K
  class space    used 11005K, committed 11584K, reserved 1048576K
GC Heap History (20 events):
Event: 1179.891 GC heap before
{Heap before GC invocations=32 (full 0):
 garbage-first heap   total 133120K, used 122367K [0x000000070a200000, 0x0000000800000000)
  region size 2048K, 33 young (67584K), 1 survivors (2048K)
 Metaspace       used 80740K, committed 82304K, reserved 1179648K
  class space    used 10973K, committed 11584K, reserved 1048576K
}
Event: 1179.895 GC heap after
{Heap after GC invocations=33 (full 0):
 garbage-first heap   total 133120K, used 54845K [0x000000070a200000, 0x0000000800000000)
  region size 2048K, 1 young (2048K), 1 survivors (2048K)
 Metaspace       used 80740K, committed 82304K, reserved 1179648K
  class space    used 10973K, committed 11584K, reserved 1048576K
}
Event: 1339.905 GC heap before
{Heap before GC invocations=33 (full 0):
 garbage-first heap   total 133120K, used 120381K [0x000000070a200000, 0x0000000800000000)
  region size 2048K, 33 young (67584K), 1 survivors (2048K)
 Metaspace       used 80743K, committed 82304K, reserved 1179648K
  class space    used 10974K, committed 11584K, reserved 1048576K
}
Event: 1339.907 GC heap after
{Heap after GC invocations=34 (full 0):
 garbage-first heap   total 133120K, used 54977K [0x000000070a200000, 0x0000000800000000)
  region size 2048K, 1 young (2048K), 1 survivors (2048K)
 Metaspace       used 80743K, committed 82304K, reserved 1179648K
  class space    used 10974K, committed 11584K, reserved 1048576K
}
Event: 1495.479 GC heap before
{Heap before GC invocations=35 (full 0):
 garbage-first heap   total 133120K, used 120513K [0x000000070a200000, 0x0000000800000000)
  region size 2048K, 33 young (67584K), 1 survivors (2048K)
 Metaspace       used 80743K, committed 82304K, reserved 1179648K
  class space    used 10974K, committed 11584K, reserved 1048576K
}
Event: 1495.481 GC heap after
{Heap after GC invocations=36 (full 0):
 garbage-first heap   total 133120K, used 55046K [0x000000070a200000, 0x0000000800000000)
  region size 2048K, 1 young (2048K), 1 survivors (2048K)
 Metaspace       used 80743K, committed 82304K, reserved 1179648K
  class space    used 10974K, committed 11584K, reserved 1048576K
}
Event: 1655.911 GC heap before
{Heap before GC invocations=36 (full 0):
 garbage-first heap   total 133120K, used 120582K [0x000000070a200000, 0x0000000800000000)
  region size 2048K, 33 young (67584K), 1 survivors (2048K)
 Metaspace       used 80743K, committed 82304K, reserved 1179648K
  class space    used 10974K, committed 11584K, reserved 1048576K
}
Event: 1655.916 GC heap after
{Heap after GC invocations=37 (full 0):
 garbage-first heap   total 133120K, used 53983K [0x000000070a200000, 0x0000000800000000)
  region size 2048K, 1 young (2048K), 1 survivors (2048K)
 Metaspace       used 80743K, committed 82304K, reserved 1179648K
  class space    used 10974K, committed 11584K, reserved 1048576K
}
Event: 1799.906 GC heap before
{Heap before GC invocations=37 (full 0):
 garbage-first heap   total 133120K, used 121567K [0x000000070a200000, 0x0000000800000000)
  region size 2048K, 34 young (69632K), 1 survivors (2048K)
 Metaspace       used 80863K, committed 82304K, reserved 1179648K
  class space    used 10998K, committed 11584K, reserved 1048576K
}
Event: 1799.908 GC heap after
{Heap after GC invocations=38 (full 0):
 garbage-first heap   total 133120K, used 55279K [0x000000070a200000, 0x0000000800000000)
  region size 2048K, 2 young (4096K), 2 survivors (4096K)
 Metaspace       used 80863K, committed 82304K, reserved 1179648K
  class space    used 10998K, committed 11584K, reserved 1048576K
}
Event: 1955.156 GC heap before
{Heap before GC invocations=39 (full 0):
 garbage-first heap   total 133120K, used 118767K [0x000000070a200000, 0x0000000800000000)
  region size 2048K, 33 young (67584K), 2 survivors (4096K)
 Metaspace       used 80863K, committed 82304K, reserved 1179648K
  class space    used 10998K, committed 11584K, reserved 1048576K
}
Event: 1955.159 GC heap after
{Heap after GC invocations=40 (full 0):
 garbage-first heap   total 133120K, used 54840K [0x000000070a200000, 0x0000000800000000)
  region size 2048K, 2 young (4096K), 2 survivors (4096K)
 Metaspace       used 80863K, committed 82304K, reserved 1179648K
  class space    used 10998K, committed 11584K, reserved 1048576K
}
Event: 2104.907 GC heap before
{Heap before GC invocations=40 (full 0):
 garbage-first heap   total 133120K, used 118328K [0x000000070a200000, 0x0000000800000000)
  region size 2048K, 33 young (67584K), 2 survivors (4096K)
 Metaspace       used 80887K, committed 82304K, reserved 1179648K
  class space    used 11004K, committed 11584K, reserved 1048576K
}
Event: 2104.911 GC heap after
{Heap after GC invocations=41 (full 0):
 garbage-first heap   total 133120K, used 54066K [0x000000070a200000, 0x0000000800000000)
  region size 2048K, 2 young (4096K), 2 survivors (4096K)
 Metaspace       used 80887K, committed 82304K, reserved 1179648K
  class space    used 11004K, committed 11584K, reserved 1048576K
}
Event: 2248.911 GC heap before
{Heap before GC invocations=41 (full 0):
 garbage-first heap   total 133120K, used 117554K [0x000000070a200000, 0x0000000800000000)
  region size 2048K, 33 young (67584K), 2 survivors (4096K)
 Metaspace       used 80889K, committed 82304K, reserved 1179648K
  class space    used 11005K, committed 11584K, reserved 1048576K
}
Event: 2248.914 GC heap after
{Heap after GC invocations=42 (full 0):
 garbage-first heap   total 133120K, used 54310K [0x000000070a200000, 0x0000000800000000)
  region size 2048K, 1 young (2048K), 1 survivors (2048K)
 Metaspace       used 80889K, committed 82304K, reserved 1179648K
  class space    used 11005K, committed 11584K, reserved 1048576K
}
Event: 2408.924 GC heap before
{Heap before GC invocations=43 (full 0):
 garbage-first heap   total 133120K, used 121894K [0x000000070a200000, 0x0000000800000000)
  region size 2048K, 34 young (69632K), 1 survivors (2048K)
 Metaspace       used 80926K, committed 82304K, reserved 1179648K
  class space    used 11013K, committed 11584K, reserved 1048576K
}
Event: 2408.926 GC heap after
{Heap after GC invocations=44 (full 0):
 garbage-first heap   total 133120K, used 54406K [0x000000070a200000, 0x0000000800000000)
  region size 2048K, 1 young (2048K), 1 survivors (2048K)
 Metaspace       used 80926K, committed 82304K, reserved 1179648K
  class space    used 11013K, committed 11584K, reserved 1048576K
}
Event: 2489.108 GC heap before
{Heap before GC invocations=44 (full 0):
 garbage-first heap   total 133120K, used 87174K [0x000000070a200000, 0x0000000800000000)
  region size 2048K, 18 young (36864K), 1 survivors (2048K)
 Metaspace       used 80926K, committed 82304K, reserved 1179648K
  class space    used 11013K, committed 11584K, reserved 1048576K
}
Event: 2489.109 GC heap after
{Heap after GC invocations=45 (full 0):
 garbage-first heap   total 133120K, used 54211K [0x000000070a200000, 0x0000000800000000)
  region size 2048K, 1 young (2048K), 1 survivors (2048K)
 Metaspace       used 80926K, committed 82304K, reserved 1179648K
  class space    used 11013K, committed 11584K, reserved 1048576K
}

